# JRE version: OpenJDK Runtime Environment (11.0.12+7) (build 11.0.12+7-b1504.28-7817840)
# Java VM: OpenJDK 64-Bit Server VM (11.0.12+7-b1504.28-7817840, mixed mode, tiered, compressed oops, g1 gc, windows-amd64)
Heap:
 garbage-first heap   total 399360K, used 240817K [0x0000000080000000, 0x0000000100000000)
  region size 1024K, 19 young (19456K), 3 survivors (3072K)
 Metaspace       used 147405K, capacity 150907K, committed 155212K, reserved 1183744K
  class space    used 17877K, capacity 19221K, committed 20096K, reserved 1048576K
GC Heap History (20 events):
Event: 365.572 GC heap after
{Heap after GC invocations=81 (full 0):
 garbage-first heap   total 399360K, used 238403K [0x0000000080000000, 0x0000000100000000)
  region size 1024K, 10 young (10240K), 10 survivors (10240K)
 Metaspace       used 147475K, capacity 151598K, committed 151756K, reserved 1181696K
  class space    used 18119K, capacity 19661K, committed 19712K, reserved 1048576K
}
Event: 369.902 GC heap before
{Heap before GC invocations=81 (full 0):
 garbage-first heap   total 399360K, used 333635K [0x0000000080000000, 0x0000000100000000)
  region size 1024K, 83 young (84992K), 10 survivors (10240K)
 Metaspace       used 149670K, capacity 153844K, committed 154060K, reserved 1183744K
  class space    used 18357K, capacity 19931K, committed 19968K, reserved 1048576K
}
Event: 369.919 GC heap after
{Heap after GC invocations=82 (full 0):
 garbage-first heap   total 399360K, used 235325K [0x0000000080000000, 0x0000000100000000)
  region size 1024K, 2 young (2048K), 2 survivors (2048K)
 Metaspace       used 149670K, capacity 153844K, committed 154060K, reserved 1183744K
  class space    used 18357K, capacity 19931K, committed 19968K, reserved 1048576K
}
Event: 3043.343 GC heap before
{Heap before GC invocations=82 (full 0):
 garbage-first heap   total 399360K, used 314173K [0x0000000080000000, 0x0000000100000000)
  region size 1024K, 80 young (81920K), 2 survivors (2048K)
 Metaspace       used 149982K, capacity 154191K, committed 154316K, reserved 1183744K
  class space    used 18375K, capacity 19955K, committed 19968K, reserved 1048576K
}
Event: 3043.556 GC heap after
{Heap after GC invocations=83 (full 0):
 garbage-first heap   total 399360K, used 236115K [0x0000000080000000, 0x0000000100000000)
  region size 1024K, 3 young (3072K), 3 survivors (3072K)
 Metaspace       used 149982K, capacity 154191K, committed 154316K, reserved 1183744K
  class space    used 18375K, capacity 19955K, committed 19968K, reserved 1048576K
}
Event: 3048.083 GC heap before
{Heap before GC invocations=83 (full 0):
 garbage-first heap   total 399360K, used 339539K [0x0000000080000000, 0x0000000100000000)
  region size 1024K, 88 young (90112K), 3 survivors (3072K)
 Metaspace       used 150503K, capacity 154699K, committed 154956K, reserved 1183744K
  class space    used 18401K, capacity 19980K, committed 20096K, reserved 1048576K
}
Event: 3048.133 GC heap after
{Heap after GC invocations=84 (full 0):
 garbage-first heap   total 399360K, used 240253K [0x0000000080000000, 0x0000000100000000)
  region size 1024K, 7 young (7168K), 7 survivors (7168K)
 Metaspace       used 150503K, capacity 154699K, committed 154956K, reserved 1183744K
  class space    used 18401K, capacity 19980K, committed 20096K, reserved 1048576K
}
Event: 3056.771 GC heap before
{Heap before GC invocations=84 (full 0):
 garbage-first heap   total 399360K, used 343677K [0x0000000080000000, 0x0000000100000000)
  region size 1024K, 93 young (95232K), 7 survivors (7168K)
 Metaspace       used 150686K, capacity 154923K, committed 155212K, reserved 1183744K
  class space    used 18408K, capacity 19986K, committed 20096K, reserved 1048576K
}
Event: 3057.003 GC heap after
{Heap after GC invocations=85 (full 0):
 garbage-first heap   total 399360K, used 272322K [0x0000000080000000, 0x0000000100000000)
  region size 1024K, 12 young (12288K), 12 survivors (12288K)
 Metaspace       used 150686K, capacity 154923K, committed 155212K, reserved 1183744K
  class space    used 18408K, capacity 19986K, committed 20096K, reserved 1048576K
}
Event: 3057.588 GC heap before
{Heap before GC invocations=85 (full 0):
 garbage-first heap   total 399360K, used 328642K [0x0000000080000000, 0x0000000100000000)
  region size 1024K, 67 young (68608K), 12 survivors (12288K)
 Metaspace       used 150694K, capacity 154923K, committed 155212K, reserved 1183744K
  class space    used 18408K, capacity 19986K, committed 20096K, reserved 1048576K
}
Event: 3057.842 GC heap after
{Heap after GC invocations=86 (full 0):
 garbage-first heap   total 399360K, used 299008K [0x0000000080000000, 0x0000000100000000)
  region size 1024K, 9 young (9216K), 9 survivors (9216K)
 Metaspace       used 150694K, capacity 154923K, committed 155212K, reserved 1183744K
  class space    used 18408K, capacity 19986K, committed 20096K, reserved 1048576K
}
Event: 3058.378 GC heap before
{Heap before GC invocations=86 (full 0):
 garbage-first heap   total 399360K, used 308224K [0x0000000080000000, 0x0000000100000000)
  region size 1024K, 19 young (19456K), 9 survivors (9216K)
 Metaspace       used 150721K, capacity 154932K, committed 155212K, reserved 1183744K
  class space    used 18409K, capacity 19988K, committed 20096K, reserved 1048576K
}
Event: 3058.421 GC heap after
{Heap after GC invocations=87 (full 0):
 garbage-first heap   total 399360K, used 301999K [0x0000000080000000, 0x0000000100000000)
  region size 1024K, 2 young (2048K), 2 survivors (2048K)
 Metaspace       used 150721K, capacity 154932K, committed 155212K, reserved 1183744K
  class space    used 18409K, capacity 19988K, committed 20096K, reserved 1048576K
}
Event: 3071.179 GC heap before
{Heap before GC invocations=87 (full 0):
 garbage-first heap   total 399360K, used 272303K [0x0000000080000000, 0x0000000100000000)
  region size 1024K, 19 young (19456K), 2 survivors (2048K)
 Metaspace       used 147399K, capacity 150899K, committed 155212K, reserved 1183744K
  class space    used 17877K, capacity 19221K, committed 20096K, reserved 1048576K
}
Event: 3071.198 GC heap after
{Heap after GC invocations=88 (full 0):
 garbage-first heap   total 399360K, used 256000K [0x0000000080000000, 0x0000000100000000)
  region size 1024K, 3 young (3072K), 3 survivors (3072K)
 Metaspace       used 147399K, capacity 150899K, committed 155212K, reserved 1183744K
  class space    used 17877K, capacity 19221K, committed 20096K, reserved 1048576K
}
Event: 3071.619 GC heap before
{Heap before GC invocations=89 (full 0):
 garbage-first heap   total 399360K, used 274432K [0x0000000080000000, 0x0000000100000000)
  region size 1024K, 19 young (19456K), 3 survivors (3072K)
 Metaspace       used 147405K, capacity 150907K, committed 155212K, reserved 1183744K
  class space    used 17877K, capacity 19221K, committed 20096K, reserved 1048576K
}
Event: 3071.693 GC heap after
{Heap after GC invocations=90 (full 0):
 garbage-first heap   total 399360K, used 259756K [0x0000000080000000, 0x0000000100000000)
  region size 1024K, 2 young (2048K), 2 survivors (2048K)
 Metaspace       used 147405K, capacity 150907K, committed 155212K, reserved 1183744K
  class space    used 17877K, capacity 19221K, committed 20096K, reserved 1048576K
}
Event: 3072.111 GC heap before
{Heap before GC invocations=90 (full 0):
 garbage-first heap   total 399360K, used 277164K [0x0000000080000000, 0x0000000100000000)
  region size 1024K, 19 young (19456K), 2 survivors (2048K)
 Metaspace       used 147405K, capacity 150907K, committed 155212K, reserved 1183744K
  class space    used 17877K, capacity 19221K, committed 20096K, reserved 1048576K
}
Event: 3072.155 GC heap after
{Heap after GC invocations=91 (full 0):
 garbage-first heap   total 399360K, used 223409K [0x0000000080000000, 0x0000000100000000)
  region size 1024K, 3 young (3072K), 3 survivors (3072K)
 Metaspace       used 147405K, capacity 150907K, committed 155212K, reserved 1183744K
  class space    used 17877K, capacity 19221K, committed 20096K, reserved 1048576K
}
Event: 3072.698 GC heap before
{Heap before GC invocations=91 (full 0):
 garbage-first heap   total 399360K, used 239793K [0x0000000080000000, 0x0000000100000000)
  region size 1024K, 19 young (19456K), 3 survivors (3072K)
 Metaspace       used 147405K, capacity 150907K, committed 155212K, reserved 1183744K
  class space    used 17877K, capacity 19221K, committed 20096K, reserved 1048576K
}

